<?xml version="1.0" encoding="UTF-8"?>
<!-- Generated by org.testng.reporters.JUnitXMLReporter -->
<testsuite ignored="0" hostname="LAPTOP-IO7O6G3K" failures="1" tests="12" name="Test" time="28.138" errors="0" timestamp="2024-11-14T19:34:41 IST">
  <testcase classname="test.CartTest" name="addProductToCart" time="0.262"/>
  <testcase classname="test.CartTest" name="verifyIfUserIsAbleTOAddProductToCart" time="0.219"/>
  <testcase classname="test.Sample" name="test1" time="0.002"/>
  <testcase classname="test.Sample" name="test2" time="1.023">
    <failure type="org.testng.internal.thread.ThreadTimeoutException" message="Method test.Sample.test2() didn&amp;apos;t finish within the time-out 1000">
      <![CDATA[org.testng.internal.thread.ThreadTimeoutException: Method test.Sample.test2() didn't finish within the time-out 1000
at java.base@17.0.2/java.lang.Thread.sleep(Native Method)
at app//test.Sample.test2(Sample.java:16)
at java.base@17.0.2/java.util.concurrent.FutureTask.run(FutureTask.java:264)
at java.base@17.0.2/java.util.concurrent.ThreadPoolExecutor.runWorker(ThreadPoolExecutor.java:1136)
at java.base@17.0.2/java.util.concurrent.ThreadPoolExecutor$Worker.run(ThreadPoolExecutor.java:635)
at java.base@17.0.2/java.lang.Thread.run(Thread.java:833)
... Removed 8 stack frames]]>
    </failure>
  </testcase> <!-- test2 -->
  <testcase classname="test.Sample" name="test4" time="0.002"/>
  <testcase classname="test.Sample" name="test3" time="0.0">
    <skipped/>
  </testcase> <!-- test3 -->
  <testcase classname="test.SwagLabLoginTest" name="verifyIfUserIsAbleToLoginWithValidCredentials" time="0.438"/>
  <testcase classname="test.SwagLabLoginTest" name="verifyIfWarningMesaageIsDisplayedForLockedUser" time="0.376"/>
  <testcase classname="test.SwagLabHomePageTest" name="VerfiySortFeatureForAtoZ" time="0.901"/>
  <testcase classname="test.SwagLabHomePageTest" name="VerfiySortFeatureForPriceHighToLow" time="0.481"/>
  <testcase classname="test.SwagLabHomePageTest" name="VerfiySortFeatureForPriceLowToHigh" time="0.437"/>
  <testcase classname="test.SwagLabHomePageTest" name="VerfiySortFeatureForZtoA" time="0.714"/>
</testsuite> <!-- Test -->
